<?xml version="1.0" encoding="UTF-8"?>
<testng-results ignored="0" total="1" passed="1" failed="0" skipped="0">
  <reporter-output>
  </reporter-output>
  <suite started-at="2023-08-09T16:18:49 IST" name="Default suite" finished-at="2023-08-09T16:18:50 IST" duration-ms="62">
    <groups>
    </groups>
    <test started-at="2023-08-09T16:18:49 IST" name="Default test" finished-at="2023-08-09T16:18:50 IST" duration-ms="62">
      <class name="GIT.Practice02.Day01User02ByUS">
        <test-method signature="Day01Work02()[pri:0, instance:GIT.Practice02.Day01User02ByUS@7fee8714]" started-at="2023-08-09T16:18:50 IST" name="Day01Work02" finished-at="2023-08-09T16:18:50 IST" duration-ms="11" status="PASS">
          <reporter-output>
          </reporter-output>
        </test-method> <!-- Day01Work02 -->
      </class> <!-- GIT.Practice02.Day01User02ByUS -->
    </test> <!-- Default test -->
  </suite> <!-- Default suite -->
</testng-results>
